{
  "stats": {
    "suites": 1,
    "tests": 1,
    "passes": 1,
    "pending": 0,
    "failures": 0,
    "start": "2020-12-10T23:45:44.673Z",
    "end": "2020-12-10T23:46:07.010Z",
    "duration": 22337,
    "testsRegistered": 1,
    "passPercent": 100,
    "pendingPercent": 0,
    "other": 0,
    "hasOther": false,
    "skipped": 0,
    "hasSkipped": false
  },
  "results": [
    {
      "uuid": "ab8b0bea-da5a-4710-a989-86b555f41fdb",
      "title": "",
      "fullFile": "cypress/integration/compra.spec.js",
      "file": "cypress/integration/compra.spec.js",
      "beforeHooks": [],
      "afterHooks": [],
      "tests": [],
      "suites": [
        {
          "uuid": "491c6068-0712-478b-a57c-d8d0a68d67c8",
          "title": "Compra",
          "fullFile": "",
          "file": "",
          "beforeHooks": [],
          "afterHooks": [],
          "tests": [
            {
              "title": "Efetuar uma compra de produto",
              "fullTitle": "Compra Efetuar uma compra de produto",
              "timedOut": null,
              "duration": 22256,
              "state": "passed",
              "speed": "slow",
              "pass": true,
              "fail": false,
              "pending": false,
              "context": null,
              "code": "cy.backgroundLogin(); //logar usar os cookies\n//cy.setCookie(\n//    'PrestaShop-a30a9934ef476d11b6cc3c983616e364',\n//    'R6xmma6F4U6edNQuu67M0rPopjUfg6txBuPsd2lA4oo03lANCWBG6dZDVNiZVhoZqXTiWkVOxRGttaDq0zUq0O9jlkUq%2FyV9rvFPxw7irR84NkYgy8eKtXhTCOsMZBkZB7okO56agMwVth2rt9BJGI3eKNMiFOQjiZ%2BavJAqgxHYTbEqc9kwkH4XnMkpqpLCxfLuPTS5p0GygNJKNfNp0xEAxFixm5kagTxb2PFaUUxmi410tpnkS8qtrd%2F1ASN4vGdmI3QNe%2BKull7DXvEWfnsEO4ZvFIHtwJ28VpJMYvF%2FAQhMd%2BoDiSNqU8QZwmFlYa8J4dgRentAApLnkq8q2k9l%2FSWJ%2Bb55orA0K%2BzFhQe0B%2FU5RTEjjues3AESe9%2FlKNt5YC8oeRyN7mkkRoxFifJJ4%2BXn8ex391jFIZrwrUANc4kcPTTnjkXAV5ldMfoTjBcq1w28m715f62lyhYC0g%3D%3D000349'\n//)\ncy.visit('/');\nvar nomeProduto = 'Faded Short Sleeve T-shirts';\ncy.contains(nomeProduto).trigger('mouseover');\ncy.contains(nomeProduto) //identifica elemento com o texto\n.parent() //identifica o pai (h5)\n.siblings('div.button-container') // ve os irmaos \n.children('a') // ve os filhos\n.first() // add to cart\n.click(); // Validando se o produto foi adicionado ao carrinho com sucesso\ncy.get('.icon-ok').parent() //h2\n.should('contain.text', 'Product successfully added to your shopping cart');\ncy.get('span#layer_cart_product_title').should('contain.text', nomeProduto);\ncy.get(\".button-container a[href$='controller=order']\").click();\ncy.get(\".cart_navigation a[href$='order&step=1']\").click(); // se usa pra logar sem usar os cookies\n//cy.get('#email').type('arthur-agilizei@mail.com')\n//cy.get('#passwd').type('Test123')\n//cy.get('button#SubmitLogin').click()\n// Validando se o endereço de entrega é igual o de cobrança\n//[type=checkbox]#addressesAreEquals\n//asserção | atributo | valor \ncy.get('[type=checkbox]#addressesAreEquals').should('have.attr', 'checked', 'checked');\ncy.get('[type=checkbox]#addressesAreEquals').should('have.attr', 'name', 'same');\ncy.get('button[name=processAddress]').click();\ncy.get('[type=checkbox]#cgv').check();\ncy.get(\"button[name='processCarrier']\").click();\ncy.get('.bankwire').click();\ncy.get('.cart_navigation button[type=submit]').find('span').contains('I confirm my order').click();\ncy.get(' .cheque-indent strong').should('contain.text', 'Your order on My Store is complete.'); //1. capturar o texto do box\ncy.get('div.box').invoke('text').then(function (text) {\n  console.log(text);\n  console.log(text.match(/[A-Z][A-Z]+/g)[1]); //0 -> RTP\n  //1 -> ID do pedido que queremos\n  //2. filtrar o texto do box para extrair somente o ID do pedido\n  //3. armazenar o ID do pedido de alguma forma\n  //escrita de um arquivo json com o conteúdo do pedido\n  //caminho do arquivo (sempre a partir do root) | conteúdo do arquivo\n  cy.writeFile('cypress/fixtures/pedido.json', {\n    id: \"\".concat(text.match(/[A-Z][A-Z]+/g)[1])\n  });\n});\ncy.get(\".cart_navigation a[href$='history']\").click(); //leitura de um arquivo\n//4. obter o ID do pedido armazenado de alguma forma\ncy.readFile('cypress/fixtures/pedido.json').then(function (pedido) {\n  cy.get('tr.first_item .history_link a').should('contain.text', pedido.id);\n}); //Infos adicionais:\n//html\n// . = classe\n//json - json path\n//. = nivel dentro do caminho json",
              "err": {},
              "uuid": "2d4738d3-c9c0-4c59-8a83-c678c5163c76",
              "parentUUID": "491c6068-0712-478b-a57c-d8d0a68d67c8",
              "isHook": false,
              "skipped": false
            }
          ],
          "suites": [],
          "passes": [
            "2d4738d3-c9c0-4c59-8a83-c678c5163c76"
          ],
          "failures": [],
          "pending": [],
          "skipped": [],
          "duration": 22256,
          "root": false,
          "rootEmpty": false,
          "_timeout": 2000
        }
      ],
      "passes": [],
      "failures": [],
      "pending": [],
      "skipped": [],
      "duration": 0,
      "root": true,
      "rootEmpty": true,
      "_timeout": 2000
    }
  ],
  "meta": {
    "mocha": {
      "version": "7.0.1"
    },
    "mochawesome": {
      "options": {
        "quiet": true,
        "reportFilename": "mochawesome",
        "saveHtml": false,
        "saveJson": true,
        "consoleReporter": "spec",
        "useInlineDiffs": false,
        "code": true
      },
      "version": "6.2.1"
    },
    "marge": {
      "options": {
        "id": "default",
        "reporterDir": "mochawesome-report",
        "quiet": true,
        "overwrite": false,
        "html": false,
        "json": true
      },
      "version": "5.1.0"
    }
  }
}